<?xml version="1.0" encoding="UTF-8"?>
<testng-results ignored="0" total="1" passed="1" failed="0" skipped="0">
  <reporter-output>
  </reporter-output>
  <suite started-at="2020-03-05T10:44:29 IST" name="Default suite" finished-at="2020-03-05T10:44:31 IST" duration-ms="1547">
    <groups>
    </groups>
    <test started-at="2020-03-05T10:44:29 IST" name="Default test" finished-at="2020-03-05T10:44:31 IST" duration-ms="1547">
      <class name="com.bridgelabz.testcases.TC_001_Login">
        <test-method signature="loginTest()[pri:0, instance:com.bridgelabz.testcases.TC_001_Login@5db45159]" started-at="2020-03-05T10:44:29 IST" name="loginTest" finished-at="2020-03-05T10:44:31 IST" duration-ms="1450" status="PASS">
          <reporter-output>
          </reporter-output>
        </test-method> <!-- loginTest -->
      </class> <!-- com.bridgelabz.testcases.TC_001_Login -->
    </test> <!-- Default test -->
  </suite> <!-- Default suite -->
</testng-results>
