<?xml version="1.0" encoding="UTF-8"?>
<!-- Generated by org.testng.reporters.JUnitXMLReporter -->
<testsuite ignored="1" hostname="admin1-LIVA-Z2V" failures="0" tests="1" name="Default test" time="7.762" errors="0" timestamp="2020-03-02T09:40:36 IST">
  <testcase classname="com.bridgelabz.test.GoogleTest" name="googleSearch" time="4.307"/>
  <testcase classname="com.bridgelabz.test.GoogleTest" name="googleTitleTest" time="0.0">
    <ignored/>
  </testcase> <!-- googleTitleTest -->
</testsuite> <!-- Default test -->
