<?xml version="1.0" encoding="UTF-8"?>
<!-- Generated by org.testng.reporters.JUnitXMLReporter -->
<testsuite ignored="4" hostname="admin1-LIVA-Z2V" failures="0" tests="0" time="0.047" errors="0" timestamp="2020-03-02T09:29:07 IST">
  <testcase classname="com.bridgelabz.test.GoogleTest" name="googleTitleTest" time="0.0">
    <ignored/>
  </testcase> <!-- googleTitleTest -->
  <testcase classname="com.bridgelabz.test.FacebookTest" name="updateProfilePhoto" time="0.0">
    <ignored/>
  </testcase> <!-- updateProfilePhoto -->
  <testcase classname="com.bridgelabz.test.GoogleTest" name="googleSearch" time="0.0">
    <ignored/>
  </testcase> <!-- googleSearch -->
  <testcase classname="com.bridgelabz.test.FacebookTest" name="facebookLogin" time="0.0">
    <ignored/>
  </testcase> <!-- facebookLogin -->
</testsuite>
