<?xml version="1.0" encoding="UTF-8"?>
<testng-results ignored="0" total="4" passed="4" failed="0" skipped="0">
  <reporter-output>
  </reporter-output>
  <suite started-at="2020-03-03T18:35:28 IST" name="Default suite" finished-at="2020-03-03T18:36:22 IST" duration-ms="53686">
    <groups>
    </groups>
    <test started-at="2020-03-03T18:35:28 IST" name="Default test" finished-at="2020-03-03T18:36:22 IST" duration-ms="53686">
      <class name="com.bridgelabz.testcases.TC_001_ValidateLogin">
        <test-method is-config="true" signature="initiateDriverInstance()[pri:0, instance:com.bridgelabz.testcases.TC_001_ValidateLogin@6e75aa0d]" started-at="2020-03-03T18:35:30 IST" name="initiateDriverInstance" finished-at="2020-03-03T18:35:39 IST" duration-ms="9028" status="PASS">
          <reporter-output>
          </reporter-output>
        </test-method> <!-- initiateDriverInstance -->
        <test-method signature="check_Login(java.lang.String, java.lang.String)[pri:0, instance:com.bridgelabz.testcases.TC_001_ValidateLogin@6e75aa0d]" started-at="2020-03-03T18:35:39 IST" name="check_Login" data-provider="ExcelData" finished-at="2020-03-03T18:35:45 IST" duration-ms="6228" status="PASS">
          <params>
            <param index="0">
              <value>
                <![CDATA[mestryn9727@gmail.com]]>
              </value>
            </param>
            <param index="1">
              <value>
                <![CDATA[dfsgfg]]>
              </value>
            </param>
          </params>
          <reporter-output>
          </reporter-output>
        </test-method> <!-- check_Login -->
        <test-method is-config="true" signature="closeDriverInstance()[pri:0, instance:com.bridgelabz.testcases.TC_001_ValidateLogin@6e75aa0d]" started-at="2020-03-03T18:35:45 IST" name="closeDriverInstance" finished-at="2020-03-03T18:35:45 IST" duration-ms="325" status="PASS">
          <reporter-output>
          </reporter-output>
        </test-method> <!-- closeDriverInstance -->
        <test-method is-config="true" signature="initiateDriverInstance()[pri:0, instance:com.bridgelabz.testcases.TC_001_ValidateLogin@6e75aa0d]" started-at="2020-03-03T18:35:45 IST" name="initiateDriverInstance" finished-at="2020-03-03T18:35:52 IST" duration-ms="7234" status="PASS">
          <reporter-output>
          </reporter-output>
        </test-method> <!-- initiateDriverInstance -->
        <test-method signature="check_Login(java.lang.String, java.lang.String)[pri:0, instance:com.bridgelabz.testcases.TC_001_ValidateLogin@6e75aa0d]" started-at="2020-03-03T18:35:52 IST" name="check_Login" data-provider="ExcelData" finished-at="2020-03-03T18:35:58 IST" duration-ms="5103" status="PASS">
          <params>
            <param index="0">
              <value>
                <![CDATA[mesrkjdbs@gmail.com]]>
              </value>
            </param>
            <param index="1">
              <value>
                <![CDATA[;ks’d]]>
              </value>
            </param>
          </params>
          <reporter-output>
          </reporter-output>
        </test-method> <!-- check_Login -->
        <test-method is-config="true" signature="closeDriverInstance()[pri:0, instance:com.bridgelabz.testcases.TC_001_ValidateLogin@6e75aa0d]" started-at="2020-03-03T18:35:58 IST" name="closeDriverInstance" finished-at="2020-03-03T18:35:58 IST" duration-ms="193" status="PASS">
          <reporter-output>
          </reporter-output>
        </test-method> <!-- closeDriverInstance -->
        <test-method is-config="true" signature="initiateDriverInstance()[pri:0, instance:com.bridgelabz.testcases.TC_001_ValidateLogin@6e75aa0d]" started-at="2020-03-03T18:35:58 IST" name="initiateDriverInstance" finished-at="2020-03-03T18:36:05 IST" duration-ms="7381" status="PASS">
          <reporter-output>
          </reporter-output>
        </test-method> <!-- initiateDriverInstance -->
        <test-method signature="check_Login(java.lang.String, java.lang.String)[pri:0, instance:com.bridgelabz.testcases.TC_001_ValidateLogin@6e75aa0d]" started-at="2020-03-03T18:36:05 IST" name="check_Login" data-provider="ExcelData" finished-at="2020-03-03T18:36:08 IST" duration-ms="3325" status="PASS">
          <params>
            <param index="0">
              <value>
                <![CDATA[admin@gmail.com]]>
              </value>
            </param>
            <param index="1">
              <value>
                <![CDATA[ljsldkj]]>
              </value>
            </param>
          </params>
          <reporter-output>
          </reporter-output>
        </test-method> <!-- check_Login -->
        <test-method is-config="true" signature="closeDriverInstance()[pri:0, instance:com.bridgelabz.testcases.TC_001_ValidateLogin@6e75aa0d]" started-at="2020-03-03T18:36:08 IST" name="closeDriverInstance" finished-at="2020-03-03T18:36:09 IST" duration-ms="173" status="PASS">
          <reporter-output>
          </reporter-output>
        </test-method> <!-- closeDriverInstance -->
        <test-method is-config="true" signature="initiateDriverInstance()[pri:0, instance:com.bridgelabz.testcases.TC_001_ValidateLogin@6e75aa0d]" started-at="2020-03-03T18:36:09 IST" name="initiateDriverInstance" finished-at="2020-03-03T18:36:18 IST" duration-ms="9184" status="PASS">
          <reporter-output>
          </reporter-output>
        </test-method> <!-- initiateDriverInstance -->
        <test-method signature="check_Login(java.lang.String, java.lang.String)[pri:0, instance:com.bridgelabz.testcases.TC_001_ValidateLogin@6e75aa0d]" started-at="2020-03-03T18:36:18 IST" name="check_Login" data-provider="ExcelData" finished-at="2020-03-03T18:36:22 IST" duration-ms="3751" status="PASS">
          <params>
            <param index="0">
              <value>
                <![CDATA[Admin@gmail.com]]>
              </value>
            </param>
            <param index="1">
              <value>
                <![CDATA[jhsd]]>
              </value>
            </param>
          </params>
          <reporter-output>
          </reporter-output>
        </test-method> <!-- check_Login -->
        <test-method is-config="true" signature="closeDriverInstance()[pri:0, instance:com.bridgelabz.testcases.TC_001_ValidateLogin@6e75aa0d]" started-at="2020-03-03T18:36:22 IST" name="closeDriverInstance" finished-at="2020-03-03T18:36:22 IST" duration-ms="249" status="PASS">
          <reporter-output>
          </reporter-output>
        </test-method> <!-- closeDriverInstance -->
      </class> <!-- com.bridgelabz.testcases.TC_001_ValidateLogin -->
    </test> <!-- Default test -->
  </suite> <!-- Default suite -->
</testng-results>
