<?xml version="1.0" encoding="UTF-8"?>
<testng-results skipped="0" failed="0" ignored="0" total="1" passed="1">
  <reporter-output>
  </reporter-output>
  <suite name="Default suite" duration-ms="7299" started-at="2020-03-27T14:10:22Z" finished-at="2020-03-27T14:10:30Z">
    <groups>
    </groups>
    <test name="Default test" duration-ms="7299" started-at="2020-03-27T14:10:22Z" finished-at="2020-03-27T14:10:30Z">
      <class name="com.bridgelabz.spotify.RestAPIAssuredDemo">
        <test-method status="PASS" signature="getPlaylistTracks()[pri:0, instance:com.bridgelabz.spotify.RestAPIAssuredDemo@7d9d1a19]" name="getPlaylistTracks" duration-ms="7232" started-at="2020-03-27T14:10:23Z" finished-at="2020-03-27T14:10:30Z">
          <reporter-output>
          </reporter-output>
        </test-method> <!-- getPlaylistTracks -->
      </class> <!-- com.bridgelabz.spotify.RestAPIAssuredDemo -->
    </test> <!-- Default test -->
  </suite> <!-- Default suite -->
</testng-results>
