<?xml version="1.0" encoding="UTF-8"?>
<testng-results skipped="0" failed="0" ignored="0" total="1" passed="1">
  <reporter-output>
  </reporter-output>
  <suite name="Default suite" duration-ms="3464" started-at="2020-03-25T10:36:11Z" finished-at="2020-03-25T10:36:15Z">
    <groups>
    </groups>
    <test name="Default test" duration-ms="3464" started-at="2020-03-25T10:36:11Z" finished-at="2020-03-25T10:36:15Z">
      <class name="com.bridgelabz.spotify.RestAPIAssuredDemo">
        <test-method status="PASS" signature="updatePlayList()[pri:0, instance:com.bridgelabz.spotify.RestAPIAssuredDemo@7d9d1a19]" name="updatePlayList" duration-ms="3394" started-at="2020-03-25T10:36:11Z" finished-at="2020-03-25T10:36:15Z">
          <reporter-output>
          </reporter-output>
        </test-method> <!-- updatePlayList -->
      </class> <!-- com.bridgelabz.spotify.RestAPIAssuredDemo -->
    </test> <!-- Default test -->
  </suite> <!-- Default suite -->
</testng-results>
