<?xml version="1.0" encoding="UTF-8"?>
<!-- Generated by org.testng.reporters.JUnitXMLReporter -->
<testsuite ignored="0" hostname="admin1-LIVA-Z2V" failures="0" tests="2" name="Default test" time="20.856" errors="0" timestamp="2020-03-04T13:23:36 IST">
  <testcase classname="com.bridgelabz.testcases.TC_002_Registration" name="checkRegistration" time="1.776"/>
  <testcase classname="com.bridgelabz.testcases.TC_002_Registration" name="checkRegistration" time="2.003"/>
</testsuite> <!-- Default test -->
