<?xml version="1.0" encoding="UTF-8"?>
<!-- Generated by org.testng.reporters.JUnitXMLReporter -->
<testsuite ignored="0" hostname="admin1-LIVA-Z2V" failures="0" tests="4" name="Default test" time="53.686" errors="0" timestamp="2020-03-03T18:36:22 IST">
  <testcase classname="com.bridgelabz.testcases.TC_001_ValidateLogin" name="check_Login" time="6.228"/>
  <testcase classname="com.bridgelabz.testcases.TC_001_ValidateLogin" name="check_Login" time="5.103"/>
  <testcase classname="com.bridgelabz.testcases.TC_001_ValidateLogin" name="check_Login" time="3.325"/>
  <testcase classname="com.bridgelabz.testcases.TC_001_ValidateLogin" name="check_Login" time="3.751"/>
</testsuite> <!-- Default test -->
