<?xml version="1.0" encoding="UTF-8"?>
<!-- Generated by org.testng.reporters.JUnitXMLReporter -->
<testsuite ignored="0" hostname="admin1-LIVA-Z2V" failures="2" tests="2" name="Person" time="0.171" errors="0" timestamp="2020-03-02T09:41:45 IST">
  <testcase classname="com.bridgelabz.test.GoogleTest" name="googleSearch" time="0.018">
    <failure type="java.lang.NullPointerException">
      <![CDATA[java.lang.NullPointerException
at com.bridgelabz.test.GoogleTest.googleSearch(GoogleTest.java:42)
at java.base/java.util.ArrayList.forEach(ArrayList.java:1540)
... Removed 27 stack frames]]>
    </failure>
  </testcase> <!-- googleSearch -->
  <testcase classname="com.bridgelabz.test.GoogleTest" name="googleTitleTest" time="0.049">
    <failure type="java.lang.NullPointerException">
      <![CDATA[java.lang.NullPointerException
at com.bridgelabz.test.GoogleTest.googleTitleTest(GoogleTest.java:32)
at java.base/java.util.ArrayList.forEach(ArrayList.java:1540)
... Removed 27 stack frames]]>
    </failure>
  </testcase> <!-- googleTitleTest -->
</testsuite> <!-- Person -->
