<?xml version="1.0" encoding="UTF-8"?>
<!-- Generated by org.testng.reporters.JUnitXMLReporter -->
<testsuite ignored="1" hostname="admin1-LIVA-Z2V" failures="0" tests="2" name="Person" time="0.118" errors="0" timestamp="2020-02-28T18:19:24 IST">
  <testcase classname="com.bridgelabz.test.TestNG_basic" name="fblogin" time="0.022"/>
  <testcase classname="com.bridgelabz.test.TestNG_basic" name="googleTitleTest" time="0.003"/>
  <testcase classname="com.bridgelabz.test.TestNG_basic" name="googleSearch" time="0.0">
    <ignored/>
  </testcase> <!-- googleSearch -->
</testsuite> <!-- Person -->
