<?xml version="1.0" encoding="UTF-8"?>
<testng-results ignored="0" total="2" passed="2" failed="0" skipped="0">
  <reporter-output>
  </reporter-output>
  <suite started-at="2020-03-01T16:50:17 IST" name="Default suite" finished-at="2020-03-01T16:50:57 IST" duration-ms="40231">
    <groups>
    </groups>
    <test started-at="2020-03-01T16:50:17 IST" name="Default test" finished-at="2020-03-01T16:50:57 IST" duration-ms="40231">
      <class name="com.bridgelabz.test.FacebookTest">
        <test-method is-config="true" signature="setUp()[pri:0, instance:com.bridgelabz.test.FacebookTest@23529fee]" started-at="2020-03-01T16:50:17 IST" name="setUp" finished-at="2020-03-01T16:50:29 IST" duration-ms="12016" status="PASS">
          <reporter-output>
          </reporter-output>
        </test-method> <!-- setUp -->
        <test-method signature="facebookLogin()[pri:0, instance:com.bridgelabz.test.FacebookTest@23529fee]" started-at="2020-03-01T16:50:29 IST" name="facebookLogin" finished-at="2020-03-01T16:50:37 IST" duration-ms="8088" status="PASS">
          <reporter-output>
          </reporter-output>
        </test-method> <!-- facebookLogin -->
        <test-method is-config="true" signature="setUp()[pri:0, instance:com.bridgelabz.test.FacebookTest@23529fee]" started-at="2020-03-01T16:50:37 IST" name="setUp" finished-at="2020-03-01T16:50:49 IST" duration-ms="11724" status="PASS">
          <reporter-output>
          </reporter-output>
        </test-method> <!-- setUp -->
        <test-method signature="updateProfilePhoto()[pri:1, instance:com.bridgelabz.test.FacebookTest@23529fee]" started-at="2020-03-01T16:50:49 IST" name="updateProfilePhoto" finished-at="2020-03-01T16:50:55 IST" duration-ms="5466" status="PASS">
          <reporter-output>
          </reporter-output>
        </test-method> <!-- updateProfilePhoto -->
        <test-method is-config="true" signature="closeBrowser()[pri:0, instance:com.bridgelabz.test.FacebookTest@23529fee]" started-at="2020-03-01T16:50:55 IST" name="closeBrowser" finished-at="2020-03-01T16:50:57 IST" duration-ms="2807" status="PASS">
          <reporter-output>
          </reporter-output>
        </test-method> <!-- closeBrowser -->
      </class> <!-- com.bridgelabz.test.FacebookTest -->
    </test> <!-- Default test -->
  </suite> <!-- Default suite -->
</testng-results>
